[1.520s] Invoking command in '/home/robu/work/robu_waglen19_ws/src/robu': PYTHONPATH=/home/robu/work/robu_waglen19_ws/build/robu/prefix_override:/home/robu/work/robu_waglen19_ws/install/robu/lib/python3.10/site-packages:${PYTHONPATH} /usr/bin/python3 setup.py egg_info --egg-base ../../build/robu build --build-base /home/robu/work/robu_waglen19_ws/build/robu/build install --record /home/robu/work/robu_waglen19_ws/build/robu/install.log --single-version-externally-managed
[1.974s] running egg_info
[1.976s] creating ../../build/robu/robu.egg-info
[1.976s] writing ../../build/robu/robu.egg-info/PKG-INFO
[1.980s] writing dependency_links to ../../build/robu/robu.egg-info/dependency_links.txt
[1.981s] writing entry points to ../../build/robu/robu.egg-info/entry_points.txt
[1.982s] writing requirements to ../../build/robu/robu.egg-info/requires.txt
[1.982s] writing top-level names to ../../build/robu/robu.egg-info/top_level.txt
[1.982s] writing manifest file '../../build/robu/robu.egg-info/SOURCES.txt'
[1.984s] reading manifest file '../../build/robu/robu.egg-info/SOURCES.txt'
[1.986s] writing manifest file '../../build/robu/robu.egg-info/SOURCES.txt'
[1.988s] running build
[1.988s] running build_py
[1.989s] creating /home/robu/work/robu_waglen19_ws/build/robu/build
[1.990s] creating /home/robu/work/robu_waglen19_ws/build/robu/build/lib
[1.990s] creating /home/robu/work/robu_waglen19_ws/build/robu/build/lib/robu
[1.991s] copying robu/ex10_wallfollower.py -> /home/robu/work/robu_waglen19_ws/build/robu/build/lib/robu
[1.992s] copying robu/publisher_member_function.py -> /home/robu/work/robu_waglen19_ws/build/robu/build/lib/robu
[1.993s] copying robu/__init__.py -> /home/robu/work/robu_waglen19_ws/build/robu/build/lib/robu
[1.993s] copying robu/subscriber_member_function.py -> /home/robu/work/robu_waglen19_ws/build/robu/build/lib/robu
[1.994s] running install
[1.994s] running install_lib
[1.996s] creating /home/robu/work/robu_waglen19_ws/install/robu/lib/python3.10/site-packages/robu
[1.996s] copying /home/robu/work/robu_waglen19_ws/build/robu/build/lib/robu/ex10_wallfollower.py -> /home/robu/work/robu_waglen19_ws/install/robu/lib/python3.10/site-packages/robu
[1.997s] copying /home/robu/work/robu_waglen19_ws/build/robu/build/lib/robu/publisher_member_function.py -> /home/robu/work/robu_waglen19_ws/install/robu/lib/python3.10/site-packages/robu
[1.997s] copying /home/robu/work/robu_waglen19_ws/build/robu/build/lib/robu/__init__.py -> /home/robu/work/robu_waglen19_ws/install/robu/lib/python3.10/site-packages/robu
[1.998s] copying /home/robu/work/robu_waglen19_ws/build/robu/build/lib/robu/subscriber_member_function.py -> /home/robu/work/robu_waglen19_ws/install/robu/lib/python3.10/site-packages/robu
[1.999s] byte-compiling /home/robu/work/robu_waglen19_ws/install/robu/lib/python3.10/site-packages/robu/ex10_wallfollower.py to ex10_wallfollower.cpython-310.pyc
[2.000s] byte-compiling /home/robu/work/robu_waglen19_ws/install/robu/lib/python3.10/site-packages/robu/publisher_member_function.py to publisher_member_function.cpython-310.pyc
[2.001s] byte-compiling /home/robu/work/robu_waglen19_ws/install/robu/lib/python3.10/site-packages/robu/__init__.py to __init__.cpython-310.pyc
[2.002s] byte-compiling /home/robu/work/robu_waglen19_ws/install/robu/lib/python3.10/site-packages/robu/subscriber_member_function.py to subscriber_member_function.cpython-310.pyc
[2.003s] running install_data
[2.004s] creating /home/robu/work/robu_waglen19_ws/install/robu/share/ament_index
[2.005s] creating /home/robu/work/robu_waglen19_ws/install/robu/share/ament_index/resource_index
[2.005s] creating /home/robu/work/robu_waglen19_ws/install/robu/share/ament_index/resource_index/packages
[2.005s] copying resource/robu -> /home/robu/work/robu_waglen19_ws/install/robu/share/ament_index/resource_index/packages
[2.005s] copying package.xml -> /home/robu/work/robu_waglen19_ws/install/robu/share/robu
[2.006s] running install_egg_info
[2.008s] Copying ../../build/robu/robu.egg-info to /home/robu/work/robu_waglen19_ws/install/robu/lib/python3.10/site-packages/robu-0.0.0-py3.10.egg-info
[2.010s] running install_scripts
[2.036s] Installing ex10_wallfollower script to /home/robu/work/robu_waglen19_ws/install/robu/lib/robu
[2.036s] Installing mypublisher script to /home/robu/work/robu_waglen19_ws/install/robu/lib/robu
[2.036s] Installing mysubscriber script to /home/robu/work/robu_waglen19_ws/install/robu/lib/robu
[2.041s] writing list of installed files to '/home/robu/work/robu_waglen19_ws/build/robu/install.log'
[2.111s] Invoked command in '/home/robu/work/robu_waglen19_ws/src/robu' returned '0': PYTHONPATH=/home/robu/work/robu_waglen19_ws/build/robu/prefix_override:/home/robu/work/robu_waglen19_ws/install/robu/lib/python3.10/site-packages:${PYTHONPATH} /usr/bin/python3 setup.py egg_info --egg-base ../../build/robu build --build-base /home/robu/work/robu_waglen19_ws/build/robu/build install --record /home/robu/work/robu_waglen19_ws/build/robu/install.log --single-version-externally-managed
