[0.988s] Invoking command in '/home/robu/work/robu_waglen19_ws/src/robu': PYTHONPATH=/home/robu/work/robu_waglen19_ws/build/robu/prefix_override:/home/robu/work/robu_waglen19_ws/install/robu/lib/python3.10/site-packages:${PYTHONPATH} /usr/bin/python3 setup.py egg_info --egg-base ../../build/robu build --build-base /home/robu/work/robu_waglen19_ws/build/robu/build install --record /home/robu/work/robu_waglen19_ws/build/robu/install.log --single-version-externally-managed
[1.329s] running egg_info
[1.331s] writing ../../build/robu/robu.egg-info/PKG-INFO
[1.332s] writing dependency_links to ../../build/robu/robu.egg-info/dependency_links.txt
[1.333s] writing entry points to ../../build/robu/robu.egg-info/entry_points.txt
[1.335s] writing requirements to ../../build/robu/robu.egg-info/requires.txt
[1.336s] writing top-level names to ../../build/robu/robu.egg-info/top_level.txt
[1.339s] reading manifest file '../../build/robu/robu.egg-info/SOURCES.txt'
[1.342s] writing manifest file '../../build/robu/robu.egg-info/SOURCES.txt'
[1.343s] running build
[1.344s] running build_py
[1.345s] running install
[1.346s] running install_lib
[1.349s] running install_data
[1.350s] running install_egg_info
[1.353s] removing '/home/robu/work/robu_waglen19_ws/install/robu/lib/python3.10/site-packages/robu-0.0.0-py3.10.egg-info' (and everything under it)
[1.360s] Copying ../../build/robu/robu.egg-info to /home/robu/work/robu_waglen19_ws/install/robu/lib/python3.10/site-packages/robu-0.0.0-py3.10.egg-info
[1.369s] running install_scripts
[1.395s] Installing ex10_wallfollower script to /home/robu/work/robu_waglen19_ws/install/robu/lib/robu
[1.397s] Installing myparameter script to /home/robu/work/robu_waglen19_ws/install/robu/lib/robu
[1.398s] Installing mypublisher script to /home/robu/work/robu_waglen19_ws/install/robu/lib/robu
[1.400s] Installing mysubscriber script to /home/robu/work/robu_waglen19_ws/install/robu/lib/robu
[1.401s] writing list of installed files to '/home/robu/work/robu_waglen19_ws/build/robu/install.log'
[1.439s] Invoked command in '/home/robu/work/robu_waglen19_ws/src/robu' returned '0': PYTHONPATH=/home/robu/work/robu_waglen19_ws/build/robu/prefix_override:/home/robu/work/robu_waglen19_ws/install/robu/lib/python3.10/site-packages:${PYTHONPATH} /usr/bin/python3 setup.py egg_info --egg-base ../../build/robu build --build-base /home/robu/work/robu_waglen19_ws/build/robu/build install --record /home/robu/work/robu_waglen19_ws/build/robu/install.log --single-version-externally-managed
