[0.989s] Invoking command in '/home/robu/work/robu_waglen19_ws/src/robu': PYTHONPATH=/home/robu/work/robu_waglen19_ws/build/robu/prefix_override:/home/robu/work/robu_waglen19_ws/install/robu/lib/python3.10/site-packages:${PYTHONPATH} /usr/bin/python3 setup.py egg_info --egg-base ../../build/robu build --build-base /home/robu/work/robu_waglen19_ws/build/robu/build install --record /home/robu/work/robu_waglen19_ws/build/robu/install.log --single-version-externally-managed
[1.324s] running egg_info
[1.324s] writing ../../build/robu/robu.egg-info/PKG-INFO
[1.325s] writing dependency_links to ../../build/robu/robu.egg-info/dependency_links.txt
[1.326s] writing entry points to ../../build/robu/robu.egg-info/entry_points.txt
[1.326s] writing requirements to ../../build/robu/robu.egg-info/requires.txt
[1.326s] writing top-level names to ../../build/robu/robu.egg-info/top_level.txt
[1.329s] reading manifest file '../../build/robu/robu.egg-info/SOURCES.txt'
[1.330s] writing manifest file '../../build/robu/robu.egg-info/SOURCES.txt'
[1.331s] running build
[1.331s] running build_py
[1.332s] running install
[1.333s] running install_lib
[1.337s] running install_data
[1.338s] running install_egg_info
[1.340s] removing '/home/robu/work/robu_waglen19_ws/install/robu/lib/python3.10/site-packages/robu-0.0.0-py3.10.egg-info' (and everything under it)
[1.342s] Copying ../../build/robu/robu.egg-info to /home/robu/work/robu_waglen19_ws/install/robu/lib/python3.10/site-packages/robu-0.0.0-py3.10.egg-info
[1.342s] running install_scripts
[1.369s] Installing ex10_wallfollower script to /home/robu/work/robu_waglen19_ws/install/robu/lib/robu
[1.370s] Installing mypublisher script to /home/robu/work/robu_waglen19_ws/install/robu/lib/robu
[1.371s] Installing mysubscriber script to /home/robu/work/robu_waglen19_ws/install/robu/lib/robu
[1.371s] writing list of installed files to '/home/robu/work/robu_waglen19_ws/build/robu/install.log'
[1.406s] Invoked command in '/home/robu/work/robu_waglen19_ws/src/robu' returned '0': PYTHONPATH=/home/robu/work/robu_waglen19_ws/build/robu/prefix_override:/home/robu/work/robu_waglen19_ws/install/robu/lib/python3.10/site-packages:${PYTHONPATH} /usr/bin/python3 setup.py egg_info --egg-base ../../build/robu build --build-base /home/robu/work/robu_waglen19_ws/build/robu/build install --record /home/robu/work/robu_waglen19_ws/build/robu/install.log --single-version-externally-managed
