[1.823s] Invoking command in '/home/robu/work/robu_waglen19_ws/src/robu': PYTHONPATH=/home/robu/work/robu_waglen19_ws/build/robu/prefix_override:/home/robu/work/robu_waglen19_ws/install/robu/lib/python3.10/site-packages:${PYTHONPATH} /usr/bin/python3 setup.py egg_info --egg-base ../../build/robu build --build-base /home/robu/work/robu_waglen19_ws/build/robu/build install --record /home/robu/work/robu_waglen19_ws/build/robu/install.log --single-version-externally-managed
[2.465s] running egg_info
[2.473s] writing ../../build/robu/robu.egg-info/PKG-INFO
[2.480s] writing dependency_links to ../../build/robu/robu.egg-info/dependency_links.txt
[2.480s] writing entry points to ../../build/robu/robu.egg-info/entry_points.txt
[2.481s] writing requirements to ../../build/robu/robu.egg-info/requires.txt
[2.481s] writing top-level names to ../../build/robu/robu.egg-info/top_level.txt
[2.482s] reading manifest file '../../build/robu/robu.egg-info/SOURCES.txt'
[2.489s] writing manifest file '../../build/robu/robu.egg-info/SOURCES.txt'
[2.491s] running build
[2.492s] running build_py
[2.493s] copying robu/ex10_wallfollower.py -> /home/robu/work/robu_waglen19_ws/build/robu/build/lib/robu
[2.496s] running install
[2.496s] running install_lib
[2.497s] copying /home/robu/work/robu_waglen19_ws/build/robu/build/lib/robu/ex10_wallfollower.py -> /home/robu/work/robu_waglen19_ws/install/robu/lib/python3.10/site-packages/robu
[2.500s] byte-compiling /home/robu/work/robu_waglen19_ws/install/robu/lib/python3.10/site-packages/robu/ex10_wallfollower.py to ex10_wallfollower.cpython-310.pyc
[2.507s] running install_data
[2.510s] running install_egg_info
[2.513s] removing '/home/robu/work/robu_waglen19_ws/install/robu/lib/python3.10/site-packages/robu-0.0.0-py3.10.egg-info' (and everything under it)
[2.522s] Copying ../../build/robu/robu.egg-info to /home/robu/work/robu_waglen19_ws/install/robu/lib/python3.10/site-packages/robu-0.0.0-py3.10.egg-info
[2.529s] running install_scripts
[2.574s] Installing ex10_wallfollower script to /home/robu/work/robu_waglen19_ws/install/robu/lib/robu
[2.575s] Installing mypublisher script to /home/robu/work/robu_waglen19_ws/install/robu/lib/robu
[2.577s] Installing mysubscriber script to /home/robu/work/robu_waglen19_ws/install/robu/lib/robu
[2.578s] writing list of installed files to '/home/robu/work/robu_waglen19_ws/build/robu/install.log'
[2.641s] Invoked command in '/home/robu/work/robu_waglen19_ws/src/robu' returned '0': PYTHONPATH=/home/robu/work/robu_waglen19_ws/build/robu/prefix_override:/home/robu/work/robu_waglen19_ws/install/robu/lib/python3.10/site-packages:${PYTHONPATH} /usr/bin/python3 setup.py egg_info --egg-base ../../build/robu build --build-base /home/robu/work/robu_waglen19_ws/build/robu/build install --record /home/robu/work/robu_waglen19_ws/build/robu/install.log --single-version-externally-managed
