[1.263s] Invoking command in '/home/robu/work/robu_waglen19_ws/src/robu': PYTHONPATH=/home/robu/work/robu_waglen19_ws/build/robu/prefix_override:/home/robu/work/robu_waglen19_ws/install/robu/lib/python3.10/site-packages:${PYTHONPATH} /usr/bin/python3 setup.py egg_info --egg-base ../../build/robu build --build-base /home/robu/work/robu_waglen19_ws/build/robu/build install --record /home/robu/work/robu_waglen19_ws/build/robu/install.log --single-version-externally-managed
[1.768s] running egg_info
[1.770s] writing ../../build/robu/robu.egg-info/PKG-INFO
[1.771s] writing dependency_links to ../../build/robu/robu.egg-info/dependency_links.txt
[1.772s] writing entry points to ../../build/robu/robu.egg-info/entry_points.txt
[1.774s] writing requirements to ../../build/robu/robu.egg-info/requires.txt
[1.775s] writing top-level names to ../../build/robu/robu.egg-info/top_level.txt
[1.779s] reading manifest file '../../build/robu/robu.egg-info/SOURCES.txt'
[1.781s] writing manifest file '../../build/robu/robu.egg-info/SOURCES.txt'
[1.782s] running build
[1.783s] running build_py
[1.784s] copying robu/ex10_wallfollower.py -> /home/robu/work/robu_waglen19_ws/build/robu/build/lib/robu
[1.786s] running install
[1.787s] running install_lib
[1.789s] copying /home/robu/work/robu_waglen19_ws/build/robu/build/lib/robu/ex10_wallfollower.py -> /home/robu/work/robu_waglen19_ws/install/robu/lib/python3.10/site-packages/robu
[1.791s] byte-compiling /home/robu/work/robu_waglen19_ws/install/robu/lib/python3.10/site-packages/robu/ex10_wallfollower.py to ex10_wallfollower.cpython-310.pyc
[1.794s] running install_data
[1.796s] running install_egg_info
[1.799s] removing '/home/robu/work/robu_waglen19_ws/install/robu/lib/python3.10/site-packages/robu-0.0.0-py3.10.egg-info' (and everything under it)
[1.808s] Copying ../../build/robu/robu.egg-info to /home/robu/work/robu_waglen19_ws/install/robu/lib/python3.10/site-packages/robu-0.0.0-py3.10.egg-info
[1.816s] running install_scripts
[1.860s] Installing ex10_wallfollower script to /home/robu/work/robu_waglen19_ws/install/robu/lib/robu
[1.861s] Installing mypublisher script to /home/robu/work/robu_waglen19_ws/install/robu/lib/robu
[1.863s] Installing mysubscriber script to /home/robu/work/robu_waglen19_ws/install/robu/lib/robu
[1.865s] writing list of installed files to '/home/robu/work/robu_waglen19_ws/build/robu/install.log'
[1.920s] Invoked command in '/home/robu/work/robu_waglen19_ws/src/robu' returned '0': PYTHONPATH=/home/robu/work/robu_waglen19_ws/build/robu/prefix_override:/home/robu/work/robu_waglen19_ws/install/robu/lib/python3.10/site-packages:${PYTHONPATH} /usr/bin/python3 setup.py egg_info --egg-base ../../build/robu build --build-base /home/robu/work/robu_waglen19_ws/build/robu/build install --record /home/robu/work/robu_waglen19_ws/build/robu/install.log --single-version-externally-managed
