[1.182s] Invoking command in '/home/robu/work/robu_waglen19_ws/src/robu': PYTHONPATH=/home/robu/work/robu_waglen19_ws/build/robu/prefix_override:/home/robu/work/robu_waglen19_ws/install/robu/lib/python3.10/site-packages:${PYTHONPATH} /usr/bin/python3 setup.py egg_info --egg-base ../../build/robu build --build-base /home/robu/work/robu_waglen19_ws/build/robu/build install --record /home/robu/work/robu_waglen19_ws/build/robu/install.log --single-version-externally-managed
[1.505s] running egg_info
[1.506s] creating ../../build/robu/robu.egg-info
[1.507s] writing ../../build/robu/robu.egg-info/PKG-INFO
[1.508s] writing dependency_links to ../../build/robu/robu.egg-info/dependency_links.txt
[1.508s] writing entry points to ../../build/robu/robu.egg-info/entry_points.txt
[1.509s] writing requirements to ../../build/robu/robu.egg-info/requires.txt
[1.510s] writing top-level names to ../../build/robu/robu.egg-info/top_level.txt
[1.511s] writing manifest file '../../build/robu/robu.egg-info/SOURCES.txt'
[1.513s] reading manifest file '../../build/robu/robu.egg-info/SOURCES.txt'
[1.514s] writing manifest file '../../build/robu/robu.egg-info/SOURCES.txt'
[1.515s] running build
[1.515s] running build_py
[1.516s] creating /home/robu/work/robu_waglen19_ws/build/robu/build
[1.516s] creating /home/robu/work/robu_waglen19_ws/build/robu/build/lib
[1.517s] creating /home/robu/work/robu_waglen19_ws/build/robu/build/lib/robu
[1.517s] copying robu/ex10_wallfollower.py -> /home/robu/work/robu_waglen19_ws/build/robu/build/lib/robu
[1.518s] copying robu/publisher_member_function.py -> /home/robu/work/robu_waglen19_ws/build/robu/build/lib/robu
[1.519s] copying robu/__init__.py -> /home/robu/work/robu_waglen19_ws/build/robu/build/lib/robu
[1.520s] copying robu/subscriber_member_function.py -> /home/robu/work/robu_waglen19_ws/build/robu/build/lib/robu
[1.520s] running install
[1.521s] running install_lib
[1.522s] creating /home/robu/work/robu_waglen19_ws/install/robu/lib/python3.10/site-packages/robu
[1.523s] copying /home/robu/work/robu_waglen19_ws/build/robu/build/lib/robu/ex10_wallfollower.py -> /home/robu/work/robu_waglen19_ws/install/robu/lib/python3.10/site-packages/robu
[1.524s] copying /home/robu/work/robu_waglen19_ws/build/robu/build/lib/robu/publisher_member_function.py -> /home/robu/work/robu_waglen19_ws/install/robu/lib/python3.10/site-packages/robu
[1.525s] copying /home/robu/work/robu_waglen19_ws/build/robu/build/lib/robu/__init__.py -> /home/robu/work/robu_waglen19_ws/install/robu/lib/python3.10/site-packages/robu
[1.526s] copying /home/robu/work/robu_waglen19_ws/build/robu/build/lib/robu/subscriber_member_function.py -> /home/robu/work/robu_waglen19_ws/install/robu/lib/python3.10/site-packages/robu
[1.527s] byte-compiling /home/robu/work/robu_waglen19_ws/install/robu/lib/python3.10/site-packages/robu/ex10_wallfollower.py to ex10_wallfollower.cpython-310.pyc
[1.530s] byte-compiling /home/robu/work/robu_waglen19_ws/install/robu/lib/python3.10/site-packages/robu/publisher_member_function.py to publisher_member_function.cpython-310.pyc
[1.532s] byte-compiling /home/robu/work/robu_waglen19_ws/install/robu/lib/python3.10/site-packages/robu/__init__.py to __init__.cpython-310.pyc
[1.533s] byte-compiling /home/robu/work/robu_waglen19_ws/install/robu/lib/python3.10/site-packages/robu/subscriber_member_function.py to subscriber_member_function.cpython-310.pyc
[1.543s] running install_data
[1.543s] running install_egg_info
[1.543s] Copying ../../build/robu/robu.egg-info to /home/robu/work/robu_waglen19_ws/install/robu/lib/python3.10/site-packages/robu-0.0.0-py3.10.egg-info
[1.545s] running install_scripts
[1.572s] Installing ex10_wallfollower script to /home/robu/work/robu_waglen19_ws/install/robu/lib/robu
[1.573s] Installing mypublisher script to /home/robu/work/robu_waglen19_ws/install/robu/lib/robu
[1.574s] Installing mysubscriber script to /home/robu/work/robu_waglen19_ws/install/robu/lib/robu
[1.575s] writing list of installed files to '/home/robu/work/robu_waglen19_ws/build/robu/install.log'
[1.617s] Invoked command in '/home/robu/work/robu_waglen19_ws/src/robu' returned '0': PYTHONPATH=/home/robu/work/robu_waglen19_ws/build/robu/prefix_override:/home/robu/work/robu_waglen19_ws/install/robu/lib/python3.10/site-packages:${PYTHONPATH} /usr/bin/python3 setup.py egg_info --egg-base ../../build/robu build --build-base /home/robu/work/robu_waglen19_ws/build/robu/build install --record /home/robu/work/robu_waglen19_ws/build/robu/install.log --single-version-externally-managed
