[1.376s] Invoking command in '/home/robu/work/robu_waglen19_ws/src/robu': PYTHONPATH=/home/robu/work/robu_waglen19_ws/build/robu/prefix_override:/home/robu/work/robu_waglen19_ws/install/robu/lib/python3.10/site-packages:${PYTHONPATH} /usr/bin/python3 setup.py egg_info --egg-base ../../build/robu build --build-base /home/robu/work/robu_waglen19_ws/build/robu/build install --record /home/robu/work/robu_waglen19_ws/build/robu/install.log --single-version-externally-managed
[1.844s] running egg_info
[1.851s] writing ../../build/robu/robu.egg-info/PKG-INFO
[1.853s] writing dependency_links to ../../build/robu/robu.egg-info/dependency_links.txt
[1.855s] writing entry points to ../../build/robu/robu.egg-info/entry_points.txt
[1.856s] writing requirements to ../../build/robu/robu.egg-info/requires.txt
[1.858s] writing top-level names to ../../build/robu/robu.egg-info/top_level.txt
[1.863s] reading manifest file '../../build/robu/robu.egg-info/SOURCES.txt'
[1.865s] writing manifest file '../../build/robu/robu.egg-info/SOURCES.txt'
[1.866s] running build
[1.867s] running build_py
[1.868s] copying robu/ex10_wallfollower.py -> /home/robu/work/robu_waglen19_ws/build/robu/build/lib/robu
[1.870s] running install
[1.871s] running install_lib
[1.873s] copying /home/robu/work/robu_waglen19_ws/build/robu/build/lib/robu/ex10_wallfollower.py -> /home/robu/work/robu_waglen19_ws/install/robu/lib/python3.10/site-packages/robu
[1.876s] byte-compiling /home/robu/work/robu_waglen19_ws/install/robu/lib/python3.10/site-packages/robu/ex10_wallfollower.py to ex10_wallfollower.cpython-310.pyc
[1.879s] running install_data
[1.881s] running install_egg_info
[1.884s] removing '/home/robu/work/robu_waglen19_ws/install/robu/lib/python3.10/site-packages/robu-0.0.0-py3.10.egg-info' (and everything under it)
[1.900s] Copying ../../build/robu/robu.egg-info to /home/robu/work/robu_waglen19_ws/install/robu/lib/python3.10/site-packages/robu-0.0.0-py3.10.egg-info
[1.900s] running install_scripts
[1.930s] Installing ex10_wallfollower script to /home/robu/work/robu_waglen19_ws/install/robu/lib/robu
[1.932s] Installing mypublisher script to /home/robu/work/robu_waglen19_ws/install/robu/lib/robu
[1.933s] Installing mysubscriber script to /home/robu/work/robu_waglen19_ws/install/robu/lib/robu
[1.935s] writing list of installed files to '/home/robu/work/robu_waglen19_ws/build/robu/install.log'
[1.998s] Invoked command in '/home/robu/work/robu_waglen19_ws/src/robu' returned '0': PYTHONPATH=/home/robu/work/robu_waglen19_ws/build/robu/prefix_override:/home/robu/work/robu_waglen19_ws/install/robu/lib/python3.10/site-packages:${PYTHONPATH} /usr/bin/python3 setup.py egg_info --egg-base ../../build/robu build --build-base /home/robu/work/robu_waglen19_ws/build/robu/build install --record /home/robu/work/robu_waglen19_ws/build/robu/install.log --single-version-externally-managed
