[0.972s] DEBUG:colcon:Command line arguments: ['/usr/bin/colcon', 'build']
[0.972s] DEBUG:colcon:Parsed command line arguments: Namespace(log_base=None, log_level=None, verb_name='build', build_base='build', install_base='install', merge_install=False, symlink_install=False, test_result_base=None, continue_on_error=False, executor='parallel', parallel_workers=2, event_handlers=None, ignore_user_meta=False, metas=['./colcon.meta'], base_paths=['.'], packages_ignore=None, packages_ignore_regex=None, paths=None, packages_up_to=None, packages_up_to_regex=None, packages_above=None, packages_above_and_dependencies=None, packages_above_depth=None, packages_select_by_dep=None, packages_skip_by_dep=None, packages_skip_up_to=None, packages_select_build_failed=False, packages_skip_build_finished=False, packages_select_test_failures=False, packages_skip_test_passed=False, packages_select=None, packages_skip=None, packages_select_regex=None, packages_skip_regex=None, packages_start=None, packages_end=None, allow_overriding=[], cmake_args=None, cmake_target=None, cmake_target_skip_unavailable=False, cmake_clean_cache=False, cmake_clean_first=False, cmake_force_configure=False, ament_cmake_args=None, catkin_cmake_args=None, catkin_skip_building_tests=False, verb_parser=<colcon_defaults.argument_parser.defaults.DefaultArgumentsDecorator object at 0x7ff57a393df0>, verb_extension=<colcon_core.verb.build.BuildVerb object at 0x7ff579dc98d0>, main=<bound method BuildVerb.main of <colcon_core.verb.build.BuildVerb object at 0x7ff579dc98d0>>)
[1.048s] Level 1:colcon.colcon_core.package_discovery:discover_packages(colcon_meta) check parameters
[1.048s] Level 1:colcon.colcon_core.package_discovery:discover_packages(recursive) check parameters
[1.048s] Level 1:colcon.colcon_core.package_discovery:discover_packages(ignore) check parameters
[1.048s] Level 1:colcon.colcon_core.package_discovery:discover_packages(path) check parameters
[1.048s] Level 1:colcon.colcon_core.package_discovery:discover_packages(colcon_meta) discover
[1.048s] Level 1:colcon.colcon_core.package_discovery:discover_packages(recursive) discover
[1.048s] INFO:colcon.colcon_core.package_discovery:Crawling recursively for packages in '/home/robu/work/robu_waglen19_ws'
[1.048s] Level 1:colcon.colcon_core.package_identification:_identify(.) by extensions ['ignore', 'ignore_ament_install']
[1.048s] Level 1:colcon.colcon_core.package_identification:_identify(.) by extension 'ignore'
[1.049s] Level 1:colcon.colcon_core.package_identification:_identify(.) by extension 'ignore_ament_install'
[1.049s] Level 1:colcon.colcon_core.package_identification:_identify(.) by extensions ['colcon_pkg']
[1.049s] Level 1:colcon.colcon_core.package_identification:_identify(.) by extension 'colcon_pkg'
[1.049s] Level 1:colcon.colcon_core.package_identification:_identify(.) by extensions ['colcon_meta']
[1.049s] Level 1:colcon.colcon_core.package_identification:_identify(.) by extension 'colcon_meta'
[1.049s] Level 1:colcon.colcon_core.package_identification:_identify(.) by extensions ['ros']
[1.049s] Level 1:colcon.colcon_core.package_identification:_identify(.) by extension 'ros'
[1.074s] Level 1:colcon.colcon_core.package_identification:_identify(.) by extensions ['cmake', 'python']
[1.074s] Level 1:colcon.colcon_core.package_identification:_identify(.) by extension 'cmake'
[1.074s] Level 1:colcon.colcon_core.package_identification:_identify(.) by extension 'python'
[1.074s] Level 1:colcon.colcon_core.package_identification:_identify(.) by extensions ['python_setup_py']
[1.074s] Level 1:colcon.colcon_core.package_identification:_identify(.) by extension 'python_setup_py'
[1.074s] Level 1:colcon.colcon_core.package_identification:_identify(build) by extensions ['ignore', 'ignore_ament_install']
[1.074s] Level 1:colcon.colcon_core.package_identification:_identify(build) by extension 'ignore'
[1.074s] Level 1:colcon.colcon_core.package_identification:_identify(build) ignored
[1.075s] Level 1:colcon.colcon_core.package_identification:_identify(install) by extensions ['ignore', 'ignore_ament_install']
[1.075s] Level 1:colcon.colcon_core.package_identification:_identify(install) by extension 'ignore'
[1.075s] Level 1:colcon.colcon_core.package_identification:_identify(install) ignored
[1.075s] Level 1:colcon.colcon_core.package_identification:_identify(log) by extensions ['ignore', 'ignore_ament_install']
[1.075s] Level 1:colcon.colcon_core.package_identification:_identify(log) by extension 'ignore'
[1.075s] Level 1:colcon.colcon_core.package_identification:_identify(log) ignored
[1.075s] Level 1:colcon.colcon_core.package_identification:_identify(src) by extensions ['ignore', 'ignore_ament_install']
[1.075s] Level 1:colcon.colcon_core.package_identification:_identify(src) by extension 'ignore'
[1.075s] Level 1:colcon.colcon_core.package_identification:_identify(src) by extension 'ignore_ament_install'
[1.076s] Level 1:colcon.colcon_core.package_identification:_identify(src) by extensions ['colcon_pkg']
[1.076s] Level 1:colcon.colcon_core.package_identification:_identify(src) by extension 'colcon_pkg'
[1.076s] Level 1:colcon.colcon_core.package_identification:_identify(src) by extensions ['colcon_meta']
[1.076s] Level 1:colcon.colcon_core.package_identification:_identify(src) by extension 'colcon_meta'
[1.076s] Level 1:colcon.colcon_core.package_identification:_identify(src) by extensions ['ros']
[1.076s] Level 1:colcon.colcon_core.package_identification:_identify(src) by extension 'ros'
[1.076s] Level 1:colcon.colcon_core.package_identification:_identify(src) by extensions ['cmake', 'python']
[1.076s] Level 1:colcon.colcon_core.package_identification:_identify(src) by extension 'cmake'
[1.076s] Level 1:colcon.colcon_core.package_identification:_identify(src) by extension 'python'
[1.076s] Level 1:colcon.colcon_core.package_identification:_identify(src) by extensions ['python_setup_py']
[1.077s] Level 1:colcon.colcon_core.package_identification:_identify(src) by extension 'python_setup_py'
[1.077s] Level 1:colcon.colcon_core.package_identification:_identify(src/robu) by extensions ['ignore', 'ignore_ament_install']
[1.077s] Level 1:colcon.colcon_core.package_identification:_identify(src/robu) by extension 'ignore'
[1.077s] Level 1:colcon.colcon_core.package_identification:_identify(src/robu) by extension 'ignore_ament_install'
[1.077s] Level 1:colcon.colcon_core.package_identification:_identify(src/robu) by extensions ['colcon_pkg']
[1.077s] Level 1:colcon.colcon_core.package_identification:_identify(src/robu) by extension 'colcon_pkg'
[1.077s] Level 1:colcon.colcon_core.package_identification:_identify(src/robu) by extensions ['colcon_meta']
[1.077s] Level 1:colcon.colcon_core.package_identification:_identify(src/robu) by extension 'colcon_meta'
[1.077s] Level 1:colcon.colcon_core.package_identification:_identify(src/robu) by extensions ['ros']
[1.077s] Level 1:colcon.colcon_core.package_identification:_identify(src/robu) by extension 'ros'
[1.082s] DEBUG:colcon.colcon_core.package_identification:Package 'src/robu' with type 'ros.ament_python' and name 'robu'
[1.082s] Level 1:colcon.colcon_core.package_discovery:discover_packages(recursive) using defaults
[1.082s] Level 1:colcon.colcon_core.package_discovery:discover_packages(ignore) discover
[1.082s] Level 1:colcon.colcon_core.package_discovery:discover_packages(ignore) using defaults
[1.082s] Level 1:colcon.colcon_core.package_discovery:discover_packages(path) discover
[1.082s] Level 1:colcon.colcon_core.package_discovery:discover_packages(path) using defaults
[1.132s] Level 1:colcon.colcon_core.package_discovery:discover_packages(prefix_path) check parameters
[1.132s] Level 1:colcon.colcon_core.package_discovery:discover_packages(prefix_path) discover
[1.142s] DEBUG:colcon.colcon_installed_package_information.package_discovery:Found 17 installed packages in /home/robu/work/turtlebot3_ws/install
[1.146s] DEBUG:colcon.colcon_installed_package_information.package_discovery:Found 358 installed packages in /opt/ros/humble
[1.148s] Level 1:colcon.colcon_core.package_discovery:discover_packages(prefix_path) using defaults
[1.331s] Level 5:colcon.colcon_core.verb:set package 'robu' build argument 'cmake_args' from command line to 'None'
[1.331s] Level 5:colcon.colcon_core.verb:set package 'robu' build argument 'cmake_target' from command line to 'None'
[1.331s] Level 5:colcon.colcon_core.verb:set package 'robu' build argument 'cmake_target_skip_unavailable' from command line to 'False'
[1.331s] Level 5:colcon.colcon_core.verb:set package 'robu' build argument 'cmake_clean_cache' from command line to 'False'
[1.331s] Level 5:colcon.colcon_core.verb:set package 'robu' build argument 'cmake_clean_first' from command line to 'False'
[1.331s] Level 5:colcon.colcon_core.verb:set package 'robu' build argument 'cmake_force_configure' from command line to 'False'
[1.331s] Level 5:colcon.colcon_core.verb:set package 'robu' build argument 'ament_cmake_args' from command line to 'None'
[1.331s] Level 5:colcon.colcon_core.verb:set package 'robu' build argument 'catkin_cmake_args' from command line to 'None'
[1.331s] Level 5:colcon.colcon_core.verb:set package 'robu' build argument 'catkin_skip_building_tests' from command line to 'False'
[1.331s] DEBUG:colcon.colcon_core.verb:Building package 'robu' with the following arguments: {'ament_cmake_args': None, 'build_base': '/home/robu/work/robu_waglen19_ws/build/robu', 'catkin_cmake_args': None, 'catkin_skip_building_tests': False, 'cmake_args': None, 'cmake_clean_cache': False, 'cmake_clean_first': False, 'cmake_force_configure': False, 'cmake_target': None, 'cmake_target_skip_unavailable': False, 'install_base': '/home/robu/work/robu_waglen19_ws/install/robu', 'merge_install': False, 'path': '/home/robu/work/robu_waglen19_ws/src/robu', 'symlink_install': False, 'test_result_base': None}
[1.332s] INFO:colcon.colcon_core.executor:Executing jobs using 'parallel' executor
[1.336s] DEBUG:colcon.colcon_parallel_executor.executor.parallel:run_until_complete
[1.336s] INFO:colcon.colcon_ros.task.ament_python.build:Building ROS package in '/home/robu/work/robu_waglen19_ws/src/robu' with build type 'ament_python'
[1.336s] Level 1:colcon.colcon_core.shell:create_environment_hook('robu', 'ament_prefix_path')
[1.351s] INFO:colcon.colcon_core.plugin_system:Skipping extension 'colcon_core.shell.bat': Not used on non-Windows systems
[1.351s] INFO:colcon.colcon_core.shell:Creating environment hook '/home/robu/work/robu_waglen19_ws/install/robu/share/robu/hook/ament_prefix_path.ps1'
[1.353s] INFO:colcon.colcon_core.shell:Creating environment descriptor '/home/robu/work/robu_waglen19_ws/install/robu/share/robu/hook/ament_prefix_path.dsv'
[1.360s] INFO:colcon.colcon_core.shell:Creating environment hook '/home/robu/work/robu_waglen19_ws/install/robu/share/robu/hook/ament_prefix_path.sh'
[1.365s] INFO:colcon.colcon_core.shell:Skip shell extension 'powershell' for command environment: Not usable outside of PowerShell
[1.365s] DEBUG:colcon.colcon_core.shell:Skip shell extension 'dsv' for command environment
[1.917s] DEBUG:colcon.colcon_parallel_executor.executor.parallel:closing loop
[1.917s] DEBUG:colcon.colcon_parallel_executor.executor.parallel:loop closed
[1.917s] DEBUG:colcon.colcon_parallel_executor.executor.parallel:run_until_complete finished with 'Command '['/usr/bin/python3', '-c', 'import sys;from contextlib import suppress;exec("with suppress(ImportError):    from setuptools.extern.packaging.specifiers    import SpecifierSet");exec("with suppress(ImportError):    from packaging.specifiers import SpecifierSet");from distutils.core import run_setup;dist = run_setup(    \'setup.py\', script_args=(\'--dry-run\',), stop_after=\'config\');skip_keys = (\'cmdclass\', \'distclass\', \'ext_modules\', \'metadata\');data = {    key: value for key, value in dist.__dict__.items()     if (        not key.startswith(\'_\') and         not callable(value) and         key not in skip_keys and         key not in dist.display_option_names    )};data[\'metadata\'] = {    k: v for k, v in dist.metadata.__dict__.items()     if k not in (\'license_files\', \'provides_extras\')};sys.stdout.buffer.write(repr(data).encode(\'utf-8\'))']' returned non-zero exit status 1.'
[1.917s] DEBUG:colcon.colcon_core.event_reactor:joining thread
[1.932s] INFO:colcon.colcon_core.plugin_system:Skipping extension 'colcon_notification.desktop_notification.terminal_notifier': Not used on non-Darwin systems
[1.932s] INFO:colcon.colcon_core.plugin_system:Skipping extension 'colcon_notification.desktop_notification.win32': Not used on non-Windows systems
[1.932s] INFO:colcon.colcon_notification.desktop_notification:Sending desktop notification using 'notify2'
[2.036s] DEBUG:colcon.colcon_core.event_reactor:joined thread
[2.038s] INFO:colcon.colcon_core.shell:Creating prefix script '/home/robu/work/robu_waglen19_ws/install/local_setup.ps1'
[2.039s] INFO:colcon.colcon_core.shell:Creating prefix util module '/home/robu/work/robu_waglen19_ws/install/_local_setup_util_ps1.py'
[2.042s] INFO:colcon.colcon_core.shell:Creating prefix chain script '/home/robu/work/robu_waglen19_ws/install/setup.ps1'
[2.057s] INFO:colcon.colcon_core.shell:Creating prefix script '/home/robu/work/robu_waglen19_ws/install/local_setup.sh'
[2.059s] INFO:colcon.colcon_core.shell:Creating prefix util module '/home/robu/work/robu_waglen19_ws/install/_local_setup_util_sh.py'
[2.060s] INFO:colcon.colcon_core.shell:Creating prefix chain script '/home/robu/work/robu_waglen19_ws/install/setup.sh'
[2.064s] INFO:colcon.colcon_core.shell:Creating prefix script '/home/robu/work/robu_waglen19_ws/install/local_setup.bash'
[2.073s] INFO:colcon.colcon_core.shell:Creating prefix chain script '/home/robu/work/robu_waglen19_ws/install/setup.bash'
[2.078s] INFO:colcon.colcon_core.shell:Creating prefix script '/home/robu/work/robu_waglen19_ws/install/local_setup.zsh'
[2.079s] INFO:colcon.colcon_core.shell:Creating prefix chain script '/home/robu/work/robu_waglen19_ws/install/setup.zsh'
